<?xml version="1.0" encoding="UTF-8"?>
<!-- Generated by org.testng.reporters.JUnitXMLReporter -->
<testsuite hostname="BLT069" name="Default test" tests="3" failures="0" timestamp="9 Mar 2020 10:40:55 GMT" time="27.984" errors="0">
  <testcase name="Loginsau" time="8.51" classname="com.TestCases.SearchTestCase"/>
  <testcase name="Add" time="5.148" classname="com.TestCases.SearchTestCase"/>
  <testcase name="SearchAn" time="5.168" classname="com.TestCases.SearchTestCase"/>
</testsuite> <!-- Default test -->
