<?xml version="1.0" encoding="UTF-8"?>
<testng-results skipped="0" failed="0" total="3" passed="3">
  <reporter-output>
  </reporter-output>
  <suite name="Default suite" duration-ms="27984" started-at="2020-03-09T10:40:27Z" finished-at="2020-03-09T10:40:55Z">
    <groups>
    </groups>
    <test name="Default test" duration-ms="27984" started-at="2020-03-09T10:40:27Z" finished-at="2020-03-09T10:40:55Z">
      <class name="com.TestCases.SearchTestCase">
        <test-method status="PASS" signature="startUp()[pri:0, instance:com.TestCases.SearchTestCase@23223dd8]" name="startUp" is-config="true" duration-ms="6939" started-at="2020-03-09T16:10:27Z" finished-at="2020-03-09T16:10:34Z">
          <reporter-output>
          </reporter-output>
        </test-method> <!-- startUp -->
        <test-method status="PASS" signature="Loginsau()[pri:1, instance:com.TestCases.SearchTestCase@23223dd8]" name="Loginsau" duration-ms="8510" started-at="2020-03-09T16:10:34Z" finished-at="2020-03-09T16:10:42Z">
          <reporter-output>
          </reporter-output>
        </test-method> <!-- Loginsau -->
        <test-method status="PASS" signature="Add()[pri:2, instance:com.TestCases.SearchTestCase@23223dd8]" name="Add" duration-ms="5148" started-at="2020-03-09T16:10:42Z" finished-at="2020-03-09T16:10:47Z">
          <reporter-output>
          </reporter-output>
        </test-method> <!-- Add -->
        <test-method status="PASS" signature="SearchAn()[pri:3, instance:com.TestCases.SearchTestCase@23223dd8]" name="SearchAn" duration-ms="5168" started-at="2020-03-09T16:10:47Z" finished-at="2020-03-09T16:10:53Z">
          <reporter-output>
          </reporter-output>
        </test-method> <!-- SearchAn -->
        <test-method status="PASS" signature="close()[pri:0, instance:com.TestCases.SearchTestCase@23223dd8]" name="close" is-config="true" duration-ms="2188" started-at="2020-03-09T16:10:53Z" finished-at="2020-03-09T16:10:55Z">
          <reporter-output>
          </reporter-output>
        </test-method> <!-- close -->
      </class> <!-- com.TestCases.SearchTestCase -->
    </test> <!-- Default test -->
  </suite> <!-- Default suite -->
</testng-results>
